################################################################################
# ... output of cat /proc/bus/input/devices
# LibreELEC release: RPi.arm-9.2.6
# 
################################################################################
I: Bus=0003 Vendor=24ae Product=2013 Version=0110
N: Name="RAPOO Rapoo 2.4G Wireless Device"
P: Phys=usb-20980000.usb-1.1/input0
S: Sysfs=/devices/platform/soc/20980000.usb/usb1/1-1/1-1.1/1-1.1:1.0/0003:24AE:2013.0001/input/input0
U: Uniq=
H: Handlers=mouse0 event0 
B: PROP=0
B: EV=17
B: KEY=1f0000 0 0 0 0 0 0 0 0
B: REL=103
B: MSC=10

I: Bus=0003 Vendor=24ae Product=2013 Version=0110
N: Name="RAPOO Rapoo 2.4G Wireless Device System Control"
P: Phys=usb-20980000.usb-1.1/input1
S: Sysfs=/devices/platform/soc/20980000.usb/usb1/1-1/1-1.1/1-1.1:1.1/0003:24AE:2013.0002/input/input2
U: Uniq=
H: Handlers=kbd event1 
B: PROP=0
B: EV=13
B: KEY=c000 100000 0 0 0
B: MSC=10

I: Bus=0003 Vendor=24ae Product=2013 Version=0110
N: Name="RAPOO Rapoo 2.4G Wireless Device Consumer Control"
P: Phys=usb-20980000.usb-1.1/input1
S: Sysfs=/devices/platform/soc/20980000.usb/usb1/1-1/1-1.1/1-1.1:1.1/0003:24AE:2013.0002/input/input3
U: Uniq=
H: Handlers=kbd event2 
B: PROP=0
B: EV=1f
B: KEY=3f 300ff 0 0 0 0 483ffff 17aff32d bf544446 0 0 1 130ff3 8b17c000 677bfa d9415fed 19ed680 4400 0 10000002
B: REL=40
B: ABS=1 0
B: MSC=10

I: Bus=0003 Vendor=24ae Product=2013 Version=0110
N: Name="RAPOO Rapoo 2.4G Wireless Device"
P: Phys=usb-20980000.usb-1.1/input2
S: Sysfs=/devices/platform/soc/20980000.usb/usb1/1-1/1-1.1/1-1.1:1.2/0003:24AE:2013.0003/input/input4
U: Uniq=
H: Handlers=sysrq kbd leds event3 
B: PROP=0
B: EV=120013
B: KEY=10000 7 ff9f207a c14057ff febeffdf ffefffff ffffffff fffffffe
B: MSC=10
B: LED=1f


