tail -f $s/@/0/guix-20210823-163055.log
[  7%] LOAD     guix/colors.scm
[  8%] LOAD     guix/i18n.scm
[  8%] LOAD     guix/diagnostics.scm
[  8%] LOAD     guix/ui.scm
[  8%] LOAD     guix/status.scm
[  8%] LOAD     guix/build/android-ndk-build-system.scm
[  8%] LOAD     guix/build/ant-build-system.scm
[  8%] LOAD     guix/build/download.scm
[  8%] LOAD     guix/build/download-nar.scm
[  8%] LOAD     guix/build/cargo-build-system.scm
[  8%] LOAD     guix/build/cargo-utils.scm
[  8%] LOAD     guix/build/chicken-build-system.scm
[  8%] LOAD     guix/build/cmake-build-system.scm
[  8%] LOAD     guix/build/dub-build-system.scm
[  8%] LOAD     guix/build/dune-build-system.scm
[  8%] LOAD     guix/build/emacs-build-system.scm
[  8%] LOAD     guix/build/meson-build-system.scm
[  8%] LOAD     guix/build/minify-build-system.scm
[  8%] LOAD     guix/build/font-build-system.scm
[  8%] LOAD     guix/build/go-build-system.scm
[  9%] LOAD     guix/build/android-repo.scm
[  9%] LOAD     guix/build/asdf-build-system.scm
[  9%] LOAD     guix/build/bzr.scm
[  9%] LOAD     guix/build/copy-build-system.scm
[  9%] LOAD     guix/build/git.scm
[  9%] LOAD     guix/build/hg.scm
[  9%] LOAD     guix/build/glib-or-gtk-build-system.scm
[  9%] LOAD     guix/build/gnu-bootstrap.scm
[  9%] LOAD     guix/build/gnu-build-system.scm
[  9%] LOAD     guix/build/gnu-dist.scm
[  9%] LOAD     guix/build/guile-build-system.scm
[  9%] LOAD     guix/build/maven-build-system.scm
[  9%] LOAD     guix/build/minetest-build-system.scm
[  9%] LOAD     guix/build/node-build-system.scm
[  9%] LOAD     guix/build/perl-build-system.scm
[  9%] LOAD     guix/build/python-build-system.scm
[  9%] LOAD     guix/build/ocaml-build-system.scm
[  9%] LOAD     guix/build/qt-build-system.scm
[ 10%] LOAD     guix/build/r-build-system.scm
[ 10%] LOAD     guix/build/renpy-build-system.scm
[ 10%] LOAD     guix/build/rakudo-build-system.scm
[ 10%] LOAD     guix/build/ruby-build-system.scm
[ 10%] LOAD     guix/build/scons-build-system.scm
[ 10%] LOAD     guix/build/texlive-build-system.scm
[ 10%] LOAD     guix/build/waf-build-system.scm
[ 10%] LOAD     guix/build/haskell-build-system.scm
[ 10%] LOAD     guix/build/julia-build-system.scm
[ 10%] LOAD     guix/build/linux-module-build-system.scm
[ 10%] LOAD     guix/build/store-copy.scm
[ 10%] LOAD     guix/build/json.scm
[ 10%] LOAD     guix/build/pack.scm
[ 10%] LOAD     guix/build/utils.scm
[ 10%] LOAD     guix/build/union.scm
[ 10%] LOAD     guix/build/profiles.scm
[ 10%] LOAD     guix/build/compile.scm
[ 10%] LOAD     guix/build/rpath.scm
[ 11%] LOAD     guix/build/cvs.scm
[ 11%] LOAD     guix/build/svn.scm
[ 11%] LOAD     guix/build/syscalls.scm
[ 11%] LOAD     guix/build/gremlin.scm
[ 11%] LOAD     guix/build/debug-link.scm
[ 11%] LOAD     guix/build/clojure-build-system.scm
[ 11%] LOAD     guix/build/clojure-utils.scm
[ 11%] LOAD     guix/build/emacs-utils.scm
[ 11%] LOAD     guix/build/java-utils.scm
[ 11%] LOAD     guix/build/lisp-utils.scm
[ 11%] LOAD     guix/build/maven/java.scm
[ 11%] LOAD     guix/build/maven/plugin.scm
[ 11%] LOAD     guix/build/maven/pom.scm
[ 11%] LOAD     guix/build/graft.scm
[ 11%] LOAD     guix/build/bournish.scm
[ 11%] LOAD     guix/build/qt-utils.scm
[ 11%] LOAD     guix/build/make-bootstrap.scm
[ 11%] LOAD     guix/search-paths.scm
[ 11%] LOAD     guix/packages.scm
[ 12%] LOAD     guix/import/cabal.scm
[ 12%] LOAD     guix/import/cpan.scm
[ 12%] LOAD     guix/import/cran.scm
[ 12%] LOAD     guix/import/crate.scm
WARNING: Use of `load' in declarative module (guix ui).  Add #:declarative? #f to your define-module invocation.
;;; Failed to autoload html->sxml in (htmlprag):
;;; no code for module (htmlprag)
;;; Failed to autoload html->sxml in (htmlprag):
;;; no code for module (htmlprag)
WARNING: (guix build ant-build-system): imported module (guix build utils) overrides core binding `delete'
WARNING: (guix build cargo-build-system): imported module (guix build utils) overrides core binding `delete'
WARNING: (guix build chicken-build-system): imported module (guix build utils) overrides core binding `delete'
WARNING: (guix build cmake-build-system): imported module (guix build utils) overrides core binding `delete'
WARNING: (guix build dub-build-system): imported module (guix build utils) overrides core binding `delete'
WARNING: (guix build ocaml-build-system): imported module (guix build utils) overrides core binding `delete'
WARNING: (guix build dune-build-system): imported module (guix build utils) overrides core binding `delete'
WARNING: (guix build meson-build-system): imported module (guix build utils) overrides core binding `delete'
WARNING: (guix build minify-build-system): imported module (guix build utils) overrides core binding `delete'
WARNING: (guix build font-build-system): imported module (guix build utils) overrides core binding `delete'
WARNING: (guix build go-build-system): imported module (guix build utils) overrides core binding `delete'
WARNING: (guix build asdf-build-system): imported module (guix build utils) overrides core binding `delete'
WARNING: (guix build copy-build-system): imported module (guix build utils) overrides core binding `delete'
WARNING: (guix build gnu-dist): imported module (guix build utils) overrides core binding `delete'
WARNING: (guix build guile-build-system): imported module (guix build utils) overrides core binding `delete'
WARNING: (guix build maven-build-system): imported module (guix build utils) overrides core binding `delete'
WARNING: (guix build minetest-build-system): imported module (guix build utils) overrides core binding `delete'
WARNING: (guix build perl-build-system): imported module (guix build utils) overrides core binding `delete'
WARNING: (guix build python-build-system): imported module (guix build utils) overrides core binding `delete'
WARNING: (guix build r-build-system): imported module (guix build utils) overrides core binding `delete'
WARNING: (guix build renpy-build-system): imported module (guix build utils) overrides core binding `delete'
WARNING: (guix build rakudo-build-system): imported module (guix build utils) overrides core binding `delete'
WARNING: (guix build ruby-build-system): imported module (guix build utils) overrides core binding `delete'
WARNING: (guix build scons-build-system): imported module (guix build utils) overrides core binding `delete'
WARNING: (guix build texlive-build-system): imported module (guix build utils) overrides core binding `delete'
WARNING: (guix build waf-build-system): imported module (guix build utils) overrides core binding `delete'
WARNING: (guix build haskell-build-system): imported module (guix build utils) overrides core binding `delete'
WARNING: (guix build julia-build-system): imported module (guix build utils) overrides core binding `delete'
;;; Failed to autoload semver-range-contains? in (semver ranges):
;;; no code for module (semver ranges)
;;; Failed to autoload semver-range-contains? in (semver ranges):
;;; no code for module (semver ranges)
;;; Failed to autoload string->semver-range in (semver ranges):
;;; no code for module (semver ranges)
;;; Failed to autoload string->semver in (semver):
;;; no code for module (semver)
;;; Failed to autoload string->semver-range in (semver ranges):
;;; no code for module (semver ranges)
;;; Failed to autoload semver-range-contains? in (semver ranges):
;;; no code for module (semver ranges)
;;; Failed to autoload semver-range-contains? in (semver ranges):
;;; no code for module (semver ranges)
;;; Failed to autoload string->semver in (semver):
;;; [ 12%] LOAD     guix/import/egg.scm
[ 12%] LOAD     guix/import/elpa.scm
[ 12%] LOAD     guix/import/gem.scm
[ 12%] LOAD     guix/import/github.scm
[ 12%] LOAD     guix/import/gnome.scm
[ 12%] LOAD     guix/import/gnu.scm
[ 12%] LOAD     guix/import/go.scm
[ 12%] LOAD     guix/import/hackage.scm
[ 12%] LOAD     guix/import/json.scm
[ 12%] LOAD     guix/import/kde.scm
[ 12%] LOAD     guix/import/launchpad.scm
[ 12%] LOAD     guix/import/minetest.scm
[ 12%] LOAD     guix/import/opam.scm
[ 12%] LOAD     guix/import/print.scm
[ 13%] LOAD     guix/import/pypi.scm
[ 13%] LOAD     guix/import/stackage.scm
[ 13%] LOAD     guix/import/texlive.scm
[ 13%] LOAD     guix/import/utils.scm
[ 13%] LOAD     guix/scripts.scm
[ 13%] LOAD     guix/ssh.scm
[ 13%] LOAD     guix/remote.scm
[ 13%] LOAD     guix/store/ssh.scm
[ 13%] LOAD     guix/avahi.scm
[ 13%] LOAD     guix/store/database.scm
[ 13%] LOAD     guix/store/deduplication.scm
[ 13%] LOAD     guix/store/roots.scm
[ 13%] LOAD     guix/config.scm
[ 13%] LOAD     guix/tests.scm
[ 13%] LOAD     guix/tests/http.scm
[ 13%] LOAD     guix/tests/git.scm
[ 13%] LOAD     guix/tests/gnupg.scm
[ 13%] GUILEC   guix/channels.go
[ 14%] GUILEC   guix/gnu-maintenance.go
[ 14%] GUILEC   guix/self.go
[ 14%] GUILEC   guix/substitutes.go
[ 14%] GUILEC   guix/upstream.go
[ 14%] GUILEC   guix/licenses.go
[ 14%] GUILEC   guix/lint.go
[ 14%] GUILEC   guix/glob.go
[ 14%] GUILEC   guix/git.go
[ 14%] GUILEC   guix/git-authenticate.go
[ 14%] GUILEC   guix/graph.go
[ 14%] GUILEC   guix/cache.go
[ 14%] GUILEC   guix/cve.go
[ 14%] GUILEC   guix/workers.go
[ 14%] GUILEC   guix/ipfs.go
[ 14%] GUILEC   guix/build-system.go
[ 14%] GUILEC   guix/build-system/android-ndk.go
[ 14%] GUILEC   guix/build-system/ant.go
[ 14%] GUILEC   guix/build-system/cargo.go
[ 14%] GUILEC   guix/build-system/chicken.go
[ 15%] GUILEC   guix/build-system/clojure.go
[ 15%] GUILEC   guix/build-system/cmake.go
[ 15%] GUILEC   guix/build-system/dub.go
[ 15%] GUILEC   guix/build-system/dune.go
[ 15%] GUILEC   guix/build-system/emacs.go
[ 15%] GUILEC   guix/build-system/font.go
[ 15%] GUILEC   guix/build-system/go.go
[ 15%] GUILEC   guix/build-system/meson.go
[ 15%] GUILEC   guix/build-system/minify.go
[ 15%] GUILEC   guix/build-system/minetest.go
[ 15%] GUILEC   guix/build-system/asdf.go
[ 15%] GUILEC   guix/build-system/copy.go
[ 15%] GUILEC   guix/build-system/glib-or-gtk.go
[ 15%] GUILEC   guix/build-system/gnu.go
[ 15%] GUILEC   guix/build-system/guile.go
[ 15%] GUILEC   guix/build-system/haskell.go
[ 15%] GUILEC   guix/build-system/julia.go
[ 15%] GUILEC   guix/build-system/linux-module.go
[ 16%] GUILEC   guix/build-system/maven.go
[ 16%] GUILEC   guix/build-system/node.go
[ 16%] GUILEC   guix/build-system/perl.go
[ 16%] GUILEC   guix/build-system/python.go
[ 16%] GUILEC   guix/build-system/renpy.go
[ 16%] GUILEC   guix/build-system/ocaml.go
[ 16%] GUILEC   guix/build-system/qt.go
[ 16%] GUILEC   guix/build-system/waf.go
[ 16%] GUILEC   guix/build-system/r.go
[ 16%] GUILEC   guix/build-system/rakudo.go
[ 16%] GUILEC   guix/build-system/ruby.go
[ 16%] GUILEC   guix/build-system/scons.go
[ 16%] GUILEC   guix/build-system/texlive.go
[ 16%] GUILEC   guix/build-system/trivial.go
[ 16%] GUILEC   guix/ftp-client.go
[ 16%] GUILEC   guix/http-client.go
[ 16%] GUILEC   guix/gnupg.go
[ 16%] GUILEC   guix/elf.go
[ 17%] GUILEC   guix/profiling.go
[ 17%] GUILEC   guix/store.go
[ 17%] GUILEC   guix/cvs-download.go
[ 17%] GUILEC   guix/svn-download.go
[ 17%] GUILEC   guix/colors.go
[ 17%] GUILEC   guix/i18n.go
[ 17%] GUILEC   guix/diagnostics.go
[ 17%] GUILEC   guix/ui.go
[ 17%] GUILEC   guix/status.go
no code for module (semver)
;;; Failed to autoload string->semver in (semver):
;;; no code for module (semver)
;;; Failed to autoload semver<? in (semver):
;;; no code for module (semver)
;;; Failed to autoload semver->string in (semver):
;;; no code for module (semver)
;;; Failed to autoload string->semver-range in (semver ranges):
;;; no code for module (semver ranges)
;;; Failed to autoload semver-range-contains? in (semver ranges):
;;; no code for module (semver ranges)
;;; Failed to autoload semver-range-contains? in (semver ranges):
;;; no code for module (semver ranges)
;;; Failed to autoload string->semver in (semver):
;;; no code for module (semver)
;;; Failed to autoload semver<? in (semver):
;;; no code for module (semver)
;;; Failed to autoload html->sxml in (htmlprag):
;;; no code for module (htmlprag)
;;; Failed to autoload html->sxml in (htmlprag):
;;; no code for module (htmlprag)
;;; Failed to autoload html->sxml in (htmlprag):
;;; no code for module (htmlprag)
;;; Failed to autoload html->sxml in (htmlprag):
;;; no code for module (htmlprag)
;;; Failed to autoload html->sxml in (htmlprag):
;;; no code for module (htmlprag)
;;; Failed to autoload html->sxml in (htmlprag):
;;; no code for module (htmlprag)
;;; Failed to autoload html->sxml in (htmlprag):
;;; no code for module (htmlprag)
;;; Failed to autoload html->sxml in (htmlprag):
;;; no code for module (htmlprag)
;;; Failed to autoload html->sxml in (htmlprag):
;;; no code for module (htmlprag)
;;; Failed to autoload html->sxml in (htmlprag):
;;; no code for module (htmlprag)
;;; Failed to autoload html->sxml in (htmlprag):
;;; no code for module (htmlprag)
;;; Failed to autoload html->sxml in (htmlprag):
;;; no code for module (htmlprag)
;;; Failed to autoload html->sxml in (htmlprag):
;;; no code for module (htmlprag)
;;; Failed to autoload html->sxml in (htmlprag):
;;; no code for module (htmlprag)
;;; Failed to autoload html->sxml in (htmlprag):
;;; no code for module (htmlprag)
;;; Failed to autoload html->sxml in (htmlprag):
;;; no code for module (htmlprag)
;;; Failed to autoload html->sxml in (htmlprag):
;;; no code for module (htmlprag)
;;; Failed to autoload html->sxml in (htmlprag):
;;; no code for module (htmlprag)
;;; Failed to autoload html->sxml in (htmlprag):
;;; no code for module (htmlprag)
;;; Failed to autoload html->sxml in (htmlprag):
;;; no code for module (htmlprag)
;;; Failed to autoload html->sxml in (htmlprag):
;;; no code for module (htmlprag)
;;; Failed to autoload html->sxml in (htmlprag):
;;; no code for module (htmlprag)
;;; Failed to autoload html->sxml in (htmlprag):
;;; no code for module (htmlprag)
guix/gnu-maintenance.scm:485:17: warning: possibly unbound variable `html->sxml'
;;; Failed to autoload html->sxml in (htmlprag):
;;; no code for module (htmlprag)
;;; Failed to autoload html->sxml in (htmlprag):
;;; no code for module (htmlprag)
;;; Failed to autoload html->sxml in (htmlprag):
;;; no code for module (htmlprag)
guix/diagnostics.scm:308:9: warning: non-literal format string
WARNING: Use of `load' in declarative module (guix ui).  Add #:declarative? #f to your define-module invocation.
guix/ui.scm:1070:21: warning: non-literal format string
guix/ui.scm:1075:21: warning: non-literal format string
guix/ui.scm:1121:21: warning: non-literal format string
guix/ui.scm:1126:21: warning: non-literal format string
guix/ui.scm:1868:19: warning: non-literal format string
guix/status.scm:581:5: warning: non-literal format string
guix/status.scm:574:5: warning: non-literal format string
guix/status.scm:576:5: warning: non-literal format string
guix/status.scm:569:5: warning: non-literal format string
guix/status.scm:561:9: warning: non-literal format string
guix/status.scm:535:7: warning: non-literal format string
guix/status.scm:530:7: warning: non-literal format string
guix/status.scm:518:5: warning: non-literal format string
guix/status.scm:525:8: warning: non-literal format string
guix/status.scm:522:8: warning: non-literal format string
guix/status.scm:506:7: warning: non-literal format string
